<?xml version="1.0" ?><testsuite name="edu.umb.cs680.hw07.DirectoryTest" time="0.154" timestamp="2023-09-09T03:45:38" tests="7" failures="0" skipped="0" aborted="0"><properties>
[...]
</properties><testcase classname="edu.umb.cs680.hw07.DirectoryTest" name="getFilesOfAppsDirectory()" time="0.0"></testcase><testcase classname="edu.umb.cs680.hw07.DirectoryTest" name="getSubDirectoriesForHomeDirectory()" time="0.0"></testcase><testcase classname="edu.umb.cs680.hw07.DirectoryTest" name="isDirectoryOrNot()" time="0.0"></testcase><testcase classname="edu.umb.cs680.hw07.DirectoryTest" name="appendChildAlphaForLibDirectory()" time="0.0"></testcase><testcase classname="edu.umb.cs680.hw07.DirectoryTest" name="getTotalSize()" time="0.028"></testcase><testcase classname="edu.umb.cs680.hw07.DirectoryTest" name="countChildrenForCodeDirectory()" time="0.0"></testcase><testcase classname="edu.umb.cs680.hw07.DirectoryTest" name="getChildrenForHomeDirectory()" time="0.0"></testcase></testsuite>